C:\USERS\PRIYANKA\DOCUMENTS\VISUAL STUDIO 2010\PROJECTS\ASSIGNMENT3\ASSIGNMENT3\DEBUG\ASSIGNMENT3.EXE.EMBED.MANIFEST
C:\USERS\PRIYANKA\DOCUMENTS\VISUAL STUDIO 2010\PROJECTS\ASSIGNMENT3\ASSIGNMENT3\DEBUG\ASSIGNMENT3.EXE.EMBED.MANIFEST.RES
C:\USERS\PRIYANKA\DOCUMENTS\VISUAL STUDIO 2010\PROJECTS\ASSIGNMENT3\ASSIGNMENT3\DEBUG\ASSIGNMENT3.EXE.INTERMEDIATE.MANIFEST
C:\USERS\PRIYANKA\DOCUMENTS\VISUAL STUDIO 2010\PROJECTS\ASSIGNMENT3\ASSIGNMENT3\DEBUG\ASSIGNMENT3.OBJ
C:\USERS\PRIYANKA\DOCUMENTS\VISUAL STUDIO 2010\PROJECTS\ASSIGNMENT3\ASSIGNMENT3\DEBUG\ASSIGNMENT3.PCH
c:\Users\priyanka\documents\visual studio 2010\Projects\assignment3\assignment3\Debug\assignment3.vcxprojResolveAssemblyReference.cache
c:\Users\priyanka\documents\visual studio 2010\Projects\assignment3\assignment3\Debug\assignment3.write.1.tlog
c:\Users\priyanka\documents\visual studio 2010\Projects\assignment3\assignment3\Debug\assignment3_manifest.rc
c:\Users\priyanka\documents\visual studio 2010\Projects\assignment3\assignment3\Debug\cl.command.1.tlog
c:\Users\priyanka\documents\visual studio 2010\Projects\assignment3\assignment3\Debug\CL.read.1.tlog
c:\Users\priyanka\documents\visual studio 2010\Projects\assignment3\assignment3\Debug\CL.write.1.tlog
c:\Users\priyanka\documents\visual studio 2010\Projects\assignment3\assignment3\Debug\link.11568.read.1.tlog
c:\Users\priyanka\documents\visual studio 2010\Projects\assignment3\assignment3\Debug\link.11568.write.1.tlog
c:\Users\priyanka\documents\visual studio 2010\Projects\assignment3\assignment3\Debug\link.11568-cvtres.read.1.tlog
c:\Users\priyanka\documents\visual studio 2010\Projects\assignment3\assignment3\Debug\link.11568-cvtres.write.1.tlog
c:\Users\priyanka\documents\visual studio 2010\Projects\assignment3\assignment3\Debug\link.13712.read.1.tlog
c:\Users\priyanka\documents\visual studio 2010\Projects\assignment3\assignment3\Debug\link.13712.write.1.tlog
c:\Users\priyanka\documents\visual studio 2010\Projects\assignment3\assignment3\Debug\link.13712-cvtres.read.1.tlog
c:\Users\priyanka\documents\visual studio 2010\Projects\assignment3\assignment3\Debug\link.13712-cvtres.write.1.tlog
c:\Users\priyanka\documents\visual studio 2010\Projects\assignment3\assignment3\Debug\link.command.1.tlog
c:\Users\priyanka\documents\visual studio 2010\Projects\assignment3\assignment3\Debug\link.read.1.tlog
c:\Users\priyanka\documents\visual studio 2010\Projects\assignment3\assignment3\Debug\link.write.1.tlog
c:\Users\priyanka\documents\visual studio 2010\Projects\assignment3\assignment3\Debug\link-cvtres.read.1.tlog
c:\Users\priyanka\documents\visual studio 2010\Projects\assignment3\assignment3\Debug\link-cvtres.write.1.tlog
c:\Users\priyanka\documents\visual studio 2010\Projects\assignment3\assignment3\Debug\mt.command.1.tlog
c:\Users\priyanka\documents\visual studio 2010\Projects\assignment3\assignment3\Debug\mt.read.1.tlog
c:\Users\priyanka\documents\visual studio 2010\Projects\assignment3\assignment3\Debug\mt.write.1.tlog
c:\Users\priyanka\documents\visual studio 2010\Projects\assignment3\assignment3\Debug\rc.command.1.tlog
c:\Users\priyanka\documents\visual studio 2010\Projects\assignment3\assignment3\Debug\rc.read.1.tlog
c:\Users\priyanka\documents\visual studio 2010\Projects\assignment3\assignment3\Debug\rc.write.1.tlog
C:\USERS\PRIYANKA\DOCUMENTS\VISUAL STUDIO 2010\PROJECTS\ASSIGNMENT3\ASSIGNMENT3\DEBUG\STDAFX.OBJ
c:\Users\priyanka\documents\visual studio 2010\Projects\assignment3\assignment3\Debug\vc100.idb
C:\USERS\PRIYANKA\DOCUMENTS\VISUAL STUDIO 2010\PROJECTS\ASSIGNMENT3\ASSIGNMENT3\DEBUG\VC100.PDB
C:\USERS\PRIYANKA\DOCUMENTS\VISUAL STUDIO 2010\PROJECTS\ASSIGNMENT3\DEBUG\ASSIGNMENT3.EXE
C:\USERS\PRIYANKA\DOCUMENTS\VISUAL STUDIO 2010\PROJECTS\ASSIGNMENT3\DEBUG\ASSIGNMENT3.ILK
C:\USERS\PRIYANKA\DOCUMENTS\VISUAL STUDIO 2010\PROJECTS\ASSIGNMENT3\DEBUG\ASSIGNMENT3.PDB
