Build started 27-09-2023 18:12:57.
     1>Project "C:\Users\priyanka\Documents\Visual Studio 2010\Projects\234101011_yes_no\234101011_yes_no\234101011_yes_no.vcxproj" on node 2 (build target(s)).
     1>InitializeBuildStatus:
         Creating "Debug\234101011_yes_no.unsuccessfulbuild" because "AlwaysCreate" was specified.
       ClCompile:
         All outputs are up-to-date.
         c:\Program Files (x86)\Microsoft Visual Studio 10.0\VC\bin\CL.exe /c /ZI /nologo /W3 /WX- /Od /Oy- /D WIN32 /D _DEBUG /D _CONSOLE /D _UNICODE /D UNICODE /Gm /EHsc /RTC1 /MDd /GS /fp:precise /Zc:wchar_t /Zc:forScope /Yu"StdAfx.h" /Fp"Debug\234101011_yes_no.pch" /Fo"Debug\\" /Fd"Debug\vc100.pdb" /Gd /TP /analyze- /errorReport:prompt 234101011_yes_no.cpp
         234101011_yes_no.cpp
     1>c:\users\priyanka\documents\visual studio 2010\projects\234101011_yes_no\234101011_yes_no\234101011_yes_no.cpp(64): warning C4101: 'err' : unreferenced local variable
     1>c:\users\priyanka\documents\visual studio 2010\projects\234101011_yes_no\234101011_yes_no\234101011_yes_no.cpp(112): warning C4244: '=' : conversion from 'long double' to 'int', possible loss of data
     1>c:\users\priyanka\documents\visual studio 2010\projects\234101011_yes_no\234101011_yes_no\234101011_yes_no.cpp(129): warning C4996: 'getch': The POSIX name for this item is deprecated. Instead, use the ISO C++ conformant name: _getch. See online help for details.
                 c:\program files (x86)\microsoft visual studio 10.0\vc\include\conio.h(128) : see declaration of 'getch'
     1>c:\users\priyanka\documents\visual studio 2010\projects\234101011_yes_no\234101011_yes_no\234101011_yes_no.cpp(59): warning C4715: 'GetData' : not all control paths return a value
       ManifestResourceCompile:
         All outputs are up-to-date.
       Link:
         c:\Program Files (x86)\Microsoft Visual Studio 10.0\VC\bin\link.exe /ERRORREPORT:PROMPT /OUT:"C:\Users\priyanka\Documents\Visual Studio 2010\Projects\234101011_yes_no\Debug\234101011_yes_no.exe" /INCREMENTAL /NOLOGO kernel32.lib user32.lib gdi32.lib winspool.lib comdlg32.lib advapi32.lib shell32.lib ole32.lib oleaut32.lib uuid.lib odbc32.lib odbccp32.lib /MANIFEST /ManifestFile:"Debug\234101011_yes_no.exe.intermediate.manifest" /MANIFESTUAC:"level='asInvoker' uiAccess='false'" /DEBUG /PDB:"C:\Users\priyanka\Documents\Visual Studio 2010\Projects\234101011_yes_no\Debug\234101011_yes_no.pdb" /SUBSYSTEM:CONSOLE /TLBID:1 /DYNAMICBASE /NXCOMPAT /IMPLIB:"C:\Users\priyanka\Documents\Visual Studio 2010\Projects\234101011_yes_no\Debug\234101011_yes_no.lib" /MACHINE:X86 Debug\234101011_yes_no.exe.embed.manifest.res
         Debug\234101011_yes_no.obj
         Debug\stdafx.obj
       Manifest:
         C:\Program Files (x86)\Microsoft SDKs\Windows\v7.0A\bin\mt.exe /nologo /verbose /out:"Debug\234101011_yes_no.exe.embed.manifest" /manifest Debug\234101011_yes_no.exe.intermediate.manifest
         All outputs are up-to-date.
       LinkEmbedManifest:
         All outputs are up-to-date.
         234101011_yes_no.vcxproj -> C:\Users\priyanka\Documents\Visual Studio 2010\Projects\234101011_yes_no\Debug\234101011_yes_no.exe
       FinalizeBuildStatus:
         Deleting file "Debug\234101011_yes_no.unsuccessfulbuild".
         Touching "Debug\234101011_yes_no.lastbuildstate".
     1>Done Building Project "C:\Users\priyanka\Documents\Visual Studio 2010\Projects\234101011_yes_no\234101011_yes_no\234101011_yes_no.vcxproj" (build target(s)).

Build succeeded.

Time Elapsed 00:00:04.52
